{"/Users/macbook/Document/Mycos-trainee/5_Frontend/react-hook-and-unit-testing/src/App.tsx": {"path":"/Users/macbook/Document/Mycos-trainee/5_Frontend/react-hook-and-unit-testing/src/App.tsx","statementMap":{"0":{"start":{"line":16,"column":26},"end":{"line":16,"column":46}},"1":{"start":{"line":17,"column":24},"end":{"line":17,"column":43}},"2":{"start":{"line":18,"column":26},"end":{"line":18,"column":45}},"3":{"start":{"line":21,"column":23},"end":{"line":21,"column":43}},"4":{"start":{"line":23,"column":2},"end":{"line":23,"column":27}},"5":{"start":{"line":28,"column":20},"end":{"line":28,"column":39}},"6":{"start":{"line":29,"column":20},"end":{"line":29,"column":39}},"7":{"start":{"line":30,"column":24},"end":{"line":30,"column":37}},"8":{"start":{"line":31,"column":24},"end":{"line":31,"column":43}},"9":{"start":{"line":32,"column":38},"end":{"line":32,"column":54}},"10":{"start":{"line":35,"column":2},"end":{"line":99,"column":4}},"11":{"start":{"line":40,"column":26},"end":{"line":40,"column":56}},"12":{"start":{"line":42,"column":29},"end":{"line":42,"column":44}}},"fnMap":{"0":{"name":"App","decl":{"start":{"line":14,"column":9},"end":{"line":14,"column":12}},"loc":{"start":{"line":14,"column":15},"end":{"line":100,"column":1}},"line":14},"1":{"name":"(anonymous_1)","decl":{"start":{"line":40,"column":19},"end":{"line":40,"column":20}},"loc":{"start":{"line":40,"column":26},"end":{"line":40,"column":56}},"line":40},"2":{"name":"(anonymous_2)","decl":{"start":{"line":42,"column":23},"end":{"line":42,"column":24}},"loc":{"start":{"line":42,"column":29},"end":{"line":42,"column":44}},"line":42}},"branchMap":{"0":{"loc":{"start":{"line":46,"column":7},"end":{"line":47,"column":18}},"type":"binary-expr","locations":[{"start":{"line":46,"column":7},"end":{"line":46,"column":23}},{"start":{"line":47,"column":8},"end":{"line":47,"column":18}}],"line":46}},"s":{"0":0,"1":0,"2":0,"3":0,"4":0,"5":0,"6":0,"7":0,"8":0,"9":0,"10":0,"11":0,"12":0},"f":{"0":0,"1":0,"2":0},"b":{"0":[0,0]}}
,"/Users/macbook/Document/Mycos-trainee/5_Frontend/react-hook-and-unit-testing/src/components/ShowSum.tsx": {"path":"/Users/macbook/Document/Mycos-trainee/5_Frontend/react-hook-and-unit-testing/src/components/ShowSum.tsx","statementMap":{"0":{"start":{"line":11,"column":4},"end":{"line":15,"column":15}},"1":{"start":{"line":12,"column":8},"end":{"line":14,"column":9}},"2":{"start":{"line":13,"column":12},"end":{"line":13,"column":36}},"3":{"start":{"line":17,"column":4},"end":{"line":22,"column":5}}},"fnMap":{"0":{"name":"ShowSum","decl":{"start":{"line":8,"column":9},"end":{"line":8,"column":16}},"loc":{"start":{"line":8,"column":50},"end":{"line":23,"column":1}},"line":8},"1":{"name":"(anonymous_1)","decl":{"start":{"line":11,"column":14},"end":{"line":11,"column":15}},"loc":{"start":{"line":11,"column":20},"end":{"line":15,"column":5}},"line":11}},"branchMap":{"0":{"loc":{"start":{"line":12,"column":8},"end":{"line":14,"column":9}},"type":"if","locations":[{"start":{"line":12,"column":8},"end":{"line":14,"column":9}},{"start":{"line":12,"column":8},"end":{"line":14,"column":9}}],"line":12}},"s":{"0":0,"1":0,"2":0,"3":0},"f":{"0":0,"1":0},"b":{"0":[0,0]}}
,"/Users/macbook/Document/Mycos-trainee/5_Frontend/react-hook-and-unit-testing/src/components/TestEffect.tsx": {"path":"/Users/macbook/Document/Mycos-trainee/5_Frontend/react-hook-and-unit-testing/src/components/TestEffect.tsx","statementMap":{"0":{"start":{"line":6,"column":30},"end":{"line":6,"column":49}},"1":{"start":{"line":7,"column":36},"end":{"line":7,"column":60}},"2":{"start":{"line":16,"column":4},"end":{"line":22,"column":9}},"3":{"start":{"line":17,"column":8},"end":{"line":17,"column":44}},"4":{"start":{"line":19,"column":8},"end":{"line":21,"column":9}},"5":{"start":{"line":20,"column":12},"end":{"line":20,"column":34}},"6":{"start":{"line":25,"column":20},"end":{"line":27,"column":5}},"7":{"start":{"line":26,"column":8},"end":{"line":26,"column":24}},"8":{"start":{"line":29,"column":4},"end":{"line":43,"column":5}},"9":{"start":{"line":32,"column":35},"end":{"line":32,"column":53}},"10":{"start":{"line":32,"column":49},"end":{"line":32,"column":52}},"11":{"start":{"line":34,"column":35},"end":{"line":34,"column":53}},"12":{"start":{"line":34,"column":49},"end":{"line":34,"column":52}},"13":{"start":{"line":36,"column":35},"end":{"line":36,"column":63}},"14":{"start":{"line":36,"column":53},"end":{"line":36,"column":62}}},"fnMap":{"0":{"name":"TestEffect","decl":{"start":{"line":4,"column":9},"end":{"line":4,"column":19}},"loc":{"start":{"line":4,"column":21},"end":{"line":44,"column":1}},"line":4},"1":{"name":"(anonymous_1)","decl":{"start":{"line":16,"column":14},"end":{"line":16,"column":15}},"loc":{"start":{"line":16,"column":20},"end":{"line":22,"column":5}},"line":16},"2":{"name":"(anonymous_2)","decl":{"start":{"line":19,"column":15},"end":{"line":19,"column":16}},"loc":{"start":{"line":19,"column":21},"end":{"line":21,"column":9}},"line":19},"3":{"name":"(anonymous_3)","decl":{"start":{"line":25,"column":20},"end":{"line":25,"column":21}},"loc":{"start":{"line":25,"column":26},"end":{"line":27,"column":5}},"line":25},"4":{"name":"(anonymous_4)","decl":{"start":{"line":32,"column":29},"end":{"line":32,"column":30}},"loc":{"start":{"line":32,"column":35},"end":{"line":32,"column":53}},"line":32},"5":{"name":"(anonymous_5)","decl":{"start":{"line":32,"column":44},"end":{"line":32,"column":45}},"loc":{"start":{"line":32,"column":49},"end":{"line":32,"column":52}},"line":32},"6":{"name":"(anonymous_6)","decl":{"start":{"line":34,"column":29},"end":{"line":34,"column":30}},"loc":{"start":{"line":34,"column":35},"end":{"line":34,"column":53}},"line":34},"7":{"name":"(anonymous_7)","decl":{"start":{"line":34,"column":44},"end":{"line":34,"column":45}},"loc":{"start":{"line":34,"column":49},"end":{"line":34,"column":52}},"line":34},"8":{"name":"(anonymous_8)","decl":{"start":{"line":36,"column":29},"end":{"line":36,"column":30}},"loc":{"start":{"line":36,"column":35},"end":{"line":36,"column":63}},"line":36},"9":{"name":"(anonymous_9)","decl":{"start":{"line":36,"column":47},"end":{"line":36,"column":48}},"loc":{"start":{"line":36,"column":53},"end":{"line":36,"column":62}},"line":36}},"branchMap":{"0":{"loc":{"start":{"line":37,"column":13},"end":{"line":38,"column":27}},"type":"binary-expr","locations":[{"start":{"line":37,"column":13},"end":{"line":37,"column":30}},{"start":{"line":38,"column":16},"end":{"line":38,"column":27}}],"line":37}},"s":{"0":0,"1":0,"2":0,"3":0,"4":0,"5":0,"6":0,"7":0,"8":0,"9":0,"10":0,"11":0,"12":0,"13":0,"14":0},"f":{"0":0,"1":0,"2":0,"3":0,"4":0,"5":0,"6":0,"7":0,"8":0,"9":0},"b":{"0":[0,0]}}
,"/Users/macbook/Document/Mycos-trainee/5_Frontend/react-hook-and-unit-testing/src/hooks/UseCallHeartRate.tsx": {"path":"/Users/macbook/Document/Mycos-trainee/5_Frontend/react-hook-and-unit-testing/src/hooks/UseCallHeartRate.tsx","statementMap":{"0":{"start":{"line":6,"column":27},"end":{"line":6,"column":48}},"1":{"start":{"line":8,"column":4},"end":{"line":8,"column":40}}},"fnMap":{"0":{"name":"UseCallHeartRate","decl":{"start":{"line":4,"column":9},"end":{"line":4,"column":25}},"loc":{"start":{"line":4,"column":38},"end":{"line":10,"column":1}},"line":4}},"branchMap":{},"s":{"0":0,"1":0},"f":{"0":0},"b":{}}
,"/Users/macbook/Document/Mycos-trainee/5_Frontend/react-hook-and-unit-testing/src/hooks/UseCallMulti.tsx": {"path":"/Users/macbook/Document/Mycos-trainee/5_Frontend/react-hook-and-unit-testing/src/hooks/UseCallMulti.tsx","statementMap":{"0":{"start":{"line":5,"column":26},"end":{"line":5,"column":45}},"1":{"start":{"line":6,"column":22},"end":{"line":9,"column":5}},"2":{"start":{"line":8,"column":8},"end":{"line":8,"column":21}},"3":{"start":{"line":11,"column":4},"end":{"line":11,"column":36}}},"fnMap":{"0":{"name":"UseCallMuti","decl":{"start":{"line":3,"column":9},"end":{"line":3,"column":20}},"loc":{"start":{"line":3,"column":22},"end":{"line":12,"column":1}},"line":3},"1":{"name":"(anonymous_1)","decl":{"start":{"line":6,"column":22},"end":{"line":6,"column":23}},"loc":{"start":{"line":6,"column":49},"end":{"line":9,"column":5}},"line":6}},"branchMap":{},"s":{"0":0,"1":0,"2":0,"3":0},"f":{"0":0,"1":0},"b":{}}
,"/Users/macbook/Document/Mycos-trainee/5_Frontend/react-hook-and-unit-testing/src/hooks/UseRealTimeWeather.tsx": {"path":"/Users/macbook/Document/Mycos-trainee/5_Frontend/react-hook-and-unit-testing/src/hooks/UseRealTimeWeather.tsx","statementMap":{"0":{"start":{"line":4,"column":4},"end":{"line":4,"column":47}},"1":{"start":{"line":7,"column":27},"end":{"line":28,"column":1}},"2":{"start":{"line":8,"column":34},"end":{"line":8,"column":46}},"3":{"start":{"line":9,"column":20},"end":{"line":9,"column":37}},"4":{"start":{"line":11,"column":4},"end":{"line":24,"column":6}},"5":{"start":{"line":13,"column":27},"end":{"line":15,"column":5}},"6":{"start":{"line":14,"column":8},"end":{"line":14,"column":35}},"7":{"start":{"line":17,"column":4},"end":{"line":17,"column":51}},"8":{"start":{"line":19,"column":4},"end":{"line":22,"column":4}},"9":{"start":{"line":20,"column":8},"end":{"line":21,"column":42}},"10":{"start":{"line":21,"column":12},"end":{"line":21,"column":42}},"11":{"start":{"line":26,"column":4},"end":{"line":26,"column":18}}},"fnMap":{"0":{"name":"randomWeather","decl":{"start":{"line":3,"column":10},"end":{"line":3,"column":23}},"loc":{"start":{"line":3,"column":27},"end":{"line":5,"column":1}},"line":3},"1":{"name":"(anonymous_1)","decl":{"start":{"line":7,"column":27},"end":{"line":7,"column":28}},"loc":{"start":{"line":7,"column":33},"end":{"line":28,"column":1}},"line":7},"2":{"name":"(anonymous_2)","decl":{"start":{"line":11,"column":14},"end":{"line":11,"column":15}},"loc":{"start":{"line":11,"column":20},"end":{"line":24,"column":1}},"line":11},"3":{"name":"(anonymous_3)","decl":{"start":{"line":13,"column":27},"end":{"line":13,"column":28}},"loc":{"start":{"line":13,"column":33},"end":{"line":15,"column":5}},"line":13},"4":{"name":"(anonymous_4)","decl":{"start":{"line":19,"column":11},"end":{"line":19,"column":12}},"loc":{"start":{"line":19,"column":17},"end":{"line":22,"column":4}},"line":19}},"branchMap":{"0":{"loc":{"start":{"line":20,"column":8},"end":{"line":21,"column":42}},"type":"if","locations":[{"start":{"line":20,"column":8},"end":{"line":21,"column":42}},{"start":{"line":20,"column":8},"end":{"line":21,"column":42}}],"line":20}},"s":{"0":0,"1":0,"2":0,"3":0,"4":0,"5":0,"6":0,"7":0,"8":0,"9":0,"10":0,"11":0},"f":{"0":0,"1":0,"2":0,"3":0,"4":0},"b":{"0":[0,0]}}
,"/Users/macbook/Document/Mycos-trainee/5_Frontend/react-hook-and-unit-testing/src/hooks/UseWeather.tsx": {"path":"/Users/macbook/Document/Mycos-trainee/5_Frontend/react-hook-and-unit-testing/src/hooks/UseWeather.tsx","statementMap":{"0":{"start":{"line":4,"column":4},"end":{"line":4,"column":59}},"1":{"start":{"line":4,"column":34},"end":{"line":4,"column":57}},"2":{"start":{"line":8,"column":4},"end":{"line":8,"column":47}},"3":{"start":{"line":11,"column":19},"end":{"line":27,"column":1}},"4":{"start":{"line":13,"column":38},"end":{"line":13,"column":53}},"5":{"start":{"line":14,"column":34},"end":{"line":14,"column":46}},"6":{"start":{"line":16,"column":23},"end":{"line":24,"column":34}},"7":{"start":{"line":18,"column":8},"end":{"line":18,"column":26}},"8":{"start":{"line":19,"column":8},"end":{"line":19,"column":25}},"9":{"start":{"line":21,"column":8},"end":{"line":21,"column":35}},"10":{"start":{"line":22,"column":8},"end":{"line":22,"column":27}},"11":{"start":{"line":26,"column":4},"end":{"line":26,"column":52}}},"fnMap":{"0":{"name":"sleep","decl":{"start":{"line":3,"column":9},"end":{"line":3,"column":14}},"loc":{"start":{"line":3,"column":27},"end":{"line":5,"column":1}},"line":3},"1":{"name":"(anonymous_1)","decl":{"start":{"line":4,"column":23},"end":{"line":4,"column":24}},"loc":{"start":{"line":4,"column":34},"end":{"line":4,"column":57}},"line":4},"2":{"name":"randomWeather","decl":{"start":{"line":7,"column":9},"end":{"line":7,"column":22}},"loc":{"start":{"line":7,"column":25},"end":{"line":9,"column":1}},"line":7},"3":{"name":"(anonymous_3)","decl":{"start":{"line":11,"column":19},"end":{"line":11,"column":20}},"loc":{"start":{"line":11,"column":25},"end":{"line":27,"column":1}},"line":11},"4":{"name":"(anonymous_4)","decl":{"start":{"line":16,"column":35},"end":{"line":16,"column":36}},"loc":{"start":{"line":16,"column":47},"end":{"line":24,"column":5}},"line":16}},"branchMap":{},"s":{"0":0,"1":0,"2":0,"3":0,"4":0,"5":0,"6":0,"7":0,"8":0,"9":0,"10":0,"11":0},"f":{"0":0,"1":0,"2":0,"3":0,"4":0},"b":{}}
,"/Users/macbook/Document/Mycos-trainee/5_Frontend/react-hook-and-unit-testing/src/hooks/usePrimeNumber/usePrimeNumber.ts": {"path":"/Users/macbook/Document/Mycos-trainee/5_Frontend/react-hook-and-unit-testing/src/hooks/usePrimeNumber/usePrimeNumber.ts","statementMap":{"0":{"start":{"line":3,"column":23},"end":{"line":26,"column":1}},"1":{"start":{"line":5,"column":26},"end":{"line":5,"column":45}},"2":{"start":{"line":6,"column":32},"end":{"line":6,"column":56}},"3":{"start":{"line":8,"column":23},"end":{"line":23,"column":5}},"4":{"start":{"line":9,"column":8},"end":{"line":9,"column":19}},"5":{"start":{"line":10,"column":16},"end":{"line":10,"column":17}},"6":{"start":{"line":11,"column":8},"end":{"line":15,"column":9}},"7":{"start":{"line":11,"column":18},"end":{"line":11,"column":19}},"8":{"start":{"line":12,"column":12},"end":{"line":14,"column":13}},"9":{"start":{"line":13,"column":16},"end":{"line":13,"column":20}},"10":{"start":{"line":17,"column":8},"end":{"line":22,"column":9}},"11":{"start":{"line":18,"column":12},"end":{"line":18,"column":27}},"12":{"start":{"line":21,"column":12},"end":{"line":21,"column":27}},"13":{"start":{"line":25,"column":4},"end":{"line":25,"column":47}}},"fnMap":{"0":{"name":"(anonymous_0)","decl":{"start":{"line":3,"column":23},"end":{"line":3,"column":24}},"loc":{"start":{"line":3,"column":29},"end":{"line":26,"column":1}},"line":3},"1":{"name":"(anonymous_1)","decl":{"start":{"line":8,"column":23},"end":{"line":8,"column":24}},"loc":{"start":{"line":8,"column":40},"end":{"line":23,"column":5}},"line":8}},"branchMap":{"0":{"loc":{"start":{"line":12,"column":12},"end":{"line":14,"column":13}},"type":"if","locations":[{"start":{"line":12,"column":12},"end":{"line":14,"column":13}},{"start":{"line":12,"column":12},"end":{"line":14,"column":13}}],"line":12},"1":{"loc":{"start":{"line":17,"column":8},"end":{"line":22,"column":9}},"type":"if","locations":[{"start":{"line":17,"column":8},"end":{"line":22,"column":9}},{"start":{"line":17,"column":8},"end":{"line":22,"column":9}}],"line":17}},"s":{"0":1,"1":14,"2":14,"3":14,"4":7,"5":7,"6":7,"7":7,"8":280,"9":18,"10":7,"11":4,"12":3,"13":14},"f":{"0":14,"1":7},"b":{"0":[18,262],"1":[4,3]},"_coverageSchema":"1a1c01bbd47fc00a2c39e90264f33305004495a9","hash":"d8667ce3f91d5aee00e04a2ff2ec952064bfcf3b"}
,"/Users/macbook/Document/Mycos-trainee/5_Frontend/react-hook-and-unit-testing/src/hooks/useThaiWin/useThaiWin.ts": {"path":"/Users/macbook/Document/Mycos-trainee/5_Frontend/react-hook-and-unit-testing/src/hooks/useThaiWin/useThaiWin.ts","statementMap":{"0":{"start":{"line":8,"column":19},"end":{"line":36,"column":1}},"1":{"start":{"line":10,"column":30},"end":{"line":10,"column":54}},"2":{"start":{"line":12,"column":4},"end":{"line":12,"column":17}},"3":{"start":{"line":13,"column":4},"end":{"line":19,"column":6}},"4":{"start":{"line":14,"column":8},"end":{"line":14,"column":15}},"5":{"start":{"line":16,"column":8},"end":{"line":18,"column":9}},"6":{"start":{"line":21,"column":18},"end":{"line":25,"column":5}},"7":{"start":{"line":22,"column":8},"end":{"line":24,"column":9}},"8":{"start":{"line":23,"column":12},"end":{"line":23,"column":26}},"9":{"start":{"line":27,"column":17},"end":{"line":31,"column":5}},"10":{"start":{"line":28,"column":8},"end":{"line":30,"column":9}},"11":{"start":{"line":29,"column":12},"end":{"line":29,"column":25}},"12":{"start":{"line":35,"column":4},"end":{"line":35,"column":41}}},"fnMap":{"0":{"name":"(anonymous_0)","decl":{"start":{"line":8,"column":19},"end":{"line":8,"column":20}},"loc":{"start":{"line":8,"column":25},"end":{"line":36,"column":1}},"line":8},"1":{"name":"(anonymous_1)","decl":{"start":{"line":13,"column":14},"end":{"line":13,"column":15}},"loc":{"start":{"line":13,"column":20},"end":{"line":19,"column":5}},"line":13},"2":{"name":"(anonymous_2)","decl":{"start":{"line":21,"column":18},"end":{"line":21,"column":19}},"loc":{"start":{"line":21,"column":24},"end":{"line":25,"column":5}},"line":21},"3":{"name":"(anonymous_3)","decl":{"start":{"line":27,"column":17},"end":{"line":27,"column":18}},"loc":{"start":{"line":27,"column":23},"end":{"line":31,"column":5}},"line":27}},"branchMap":{"0":{"loc":{"start":{"line":22,"column":8},"end":{"line":24,"column":9}},"type":"if","locations":[{"start":{"line":22,"column":8},"end":{"line":24,"column":9}},{"start":{"line":22,"column":8},"end":{"line":24,"column":9}}],"line":22},"1":{"loc":{"start":{"line":28,"column":8},"end":{"line":30,"column":9}},"type":"if","locations":[{"start":{"line":28,"column":8},"end":{"line":30,"column":9}},{"start":{"line":28,"column":8},"end":{"line":30,"column":9}}],"line":28}},"s":{"0":1,"1":130,"2":130,"3":130,"4":0,"5":0,"6":130,"7":0,"8":0,"9":130,"10":0,"11":0,"12":130},"f":{"0":130,"1":0,"2":0,"3":0},"b":{"0":[0,0],"1":[0,0]},"_coverageSchema":"1a1c01bbd47fc00a2c39e90264f33305004495a9","hash":"823f16eb599352861be9f56118b6c3ba969a8036"}
}
