TN:
SF:src/App.tsx
FN:14,App
FN:40,(anonymous_1)
FN:42,(anonymous_2)
FNF:3
FNH:0
FNDA:0,App
FNDA:0,(anonymous_1)
FNDA:0,(anonymous_2)
DA:16,0
DA:17,0
DA:18,0
DA:21,0
DA:23,0
DA:28,0
DA:29,0
DA:30,0
DA:31,0
DA:32,0
DA:35,0
DA:40,0
DA:42,0
LF:13
LH:0
BRDA:46,0,0,0
BRDA:46,0,1,0
BRF:2
BRH:0
end_of_record
TN:
SF:src/components/ShowSum.tsx
FN:8,ShowSum
FN:11,(anonymous_1)
FNF:2
FNH:0
FNDA:0,ShowSum
FNDA:0,(anonymous_1)
DA:11,0
DA:12,0
DA:13,0
DA:17,0
LF:4
LH:0
BRDA:12,0,0,0
BRDA:12,0,1,0
BRF:2
BRH:0
end_of_record
TN:
SF:src/components/TestEffect.tsx
FN:4,TestEffect
FN:16,(anonymous_1)
FN:19,(anonymous_2)
FN:25,(anonymous_3)
FN:32,(anonymous_4)
FN:32,(anonymous_5)
FN:34,(anonymous_6)
FN:34,(anonymous_7)
FN:36,(anonymous_8)
FN:36,(anonymous_9)
FNF:10
FNH:0
FNDA:0,TestEffect
FNDA:0,(anonymous_1)
FNDA:0,(anonymous_2)
FNDA:0,(anonymous_3)
FNDA:0,(anonymous_4)
FNDA:0,(anonymous_5)
FNDA:0,(anonymous_6)
FNDA:0,(anonymous_7)
FNDA:0,(anonymous_8)
FNDA:0,(anonymous_9)
DA:6,0
DA:7,0
DA:16,0
DA:17,0
DA:19,0
DA:20,0
DA:25,0
DA:26,0
DA:29,0
DA:32,0
DA:34,0
DA:36,0
LF:12
LH:0
BRDA:37,0,0,0
BRDA:37,0,1,0
BRF:2
BRH:0
end_of_record
TN:
SF:src/hooks/UseCallHeartRate.tsx
FN:4,UseCallHeartRate
FNF:1
FNH:0
FNDA:0,UseCallHeartRate
DA:6,0
DA:8,0
LF:2
LH:0
BRF:0
BRH:0
end_of_record
TN:
SF:src/hooks/UseCallMulti.tsx
FN:3,UseCallMuti
FN:6,(anonymous_1)
FNF:2
FNH:0
FNDA:0,UseCallMuti
FNDA:0,(anonymous_1)
DA:5,0
DA:6,0
DA:8,0
DA:11,0
LF:4
LH:0
BRF:0
BRH:0
end_of_record
TN:
SF:src/hooks/UseRealTimeWeather.tsx
FN:3,randomWeather
FN:7,(anonymous_1)
FN:11,(anonymous_2)
FN:13,(anonymous_3)
FN:19,(anonymous_4)
FNF:5
FNH:0
FNDA:0,randomWeather
FNDA:0,(anonymous_1)
FNDA:0,(anonymous_2)
FNDA:0,(anonymous_3)
FNDA:0,(anonymous_4)
DA:4,0
DA:7,0
DA:8,0
DA:9,0
DA:11,0
DA:13,0
DA:14,0
DA:17,0
DA:19,0
DA:20,0
DA:21,0
DA:26,0
LF:12
LH:0
BRDA:20,0,0,0
BRDA:20,0,1,0
BRF:2
BRH:0
end_of_record
TN:
SF:src/hooks/UseWeather.tsx
FN:3,sleep
FN:4,(anonymous_1)
FN:7,randomWeather
FN:11,(anonymous_3)
FN:16,(anonymous_4)
FNF:5
FNH:0
FNDA:0,sleep
FNDA:0,(anonymous_1)
FNDA:0,randomWeather
FNDA:0,(anonymous_3)
FNDA:0,(anonymous_4)
DA:4,0
DA:8,0
DA:11,0
DA:13,0
DA:14,0
DA:16,0
DA:18,0
DA:19,0
DA:21,0
DA:22,0
DA:26,0
LF:11
LH:0
BRF:0
BRH:0
end_of_record
TN:
SF:src/hooks/usePrimeNumber/usePrimeNumber.ts
FN:3,(anonymous_0)
FN:8,(anonymous_1)
FNF:2
FNH:2
FNDA:14,(anonymous_0)
FNDA:7,(anonymous_1)
DA:3,1
DA:5,14
DA:6,14
DA:8,14
DA:9,7
DA:10,7
DA:11,7
DA:12,280
DA:13,18
DA:17,7
DA:18,4
DA:21,3
DA:25,14
LF:13
LH:13
BRDA:12,0,0,18
BRDA:12,0,1,262
BRDA:17,1,0,4
BRDA:17,1,1,3
BRF:4
BRH:4
end_of_record
TN:
SF:src/hooks/useThaiWin/useThaiWin.ts
FN:8,(anonymous_0)
FN:13,(anonymous_1)
FN:21,(anonymous_2)
FN:27,(anonymous_3)
FNF:4
FNH:1
FNDA:130,(anonymous_0)
FNDA:0,(anonymous_1)
FNDA:0,(anonymous_2)
FNDA:0,(anonymous_3)
DA:8,1
DA:10,130
DA:12,130
DA:13,130
DA:14,0
DA:16,0
DA:21,130
DA:22,0
DA:23,0
DA:27,130
DA:28,0
DA:29,0
DA:35,130
LF:13
LH:7
BRDA:22,0,0,0
BRDA:22,0,1,0
BRDA:28,1,0,0
BRDA:28,1,1,0
BRF:4
BRH:0
end_of_record
